<?xml version="1.0" encoding="UTF-8"?>
<testsuites name="CAS Oustsystem" time="12.604" tests="2" failures="0" errors="0">
   <testsuite name="CAS Oustsystem" tests="2" failures="0" errors="0" time="12.604" skipped="0" timestamp="2023-07-24 10:42:44" hostname="j.rili - cmit-jrili.cmit.cardmri.local" id="Test Suites/CAS Oustsystem">
      <properties>
         <property name="deviceName" value=""/>
         <property name="devicePlatform" value=""/>
         <property name="logFolder" value="C:\\Users\\j.rili\\Katalon Studio\\CAS_NGO\\CAS-NGO\\CAS-NGO\\CAS-NGO\\CAS-NGO\\CAS-NGO\\Outsystem-CAS\\Reports\\20230724_104241\\CAS Oustsystem\\20230724_104241"/>
         <property name="logFiles" value="C:\\Users\\j.rili\\Katalon Studio\\CAS_NGO\\CAS-NGO\\CAS-NGO\\CAS-NGO\\CAS-NGO\\CAS-NGO\\Outsystem-CAS\\Reports\\20230724_104241\\CAS Oustsystem\\20230724_104241\\execution0.log"/>
         <property name="attachments" value=""/>
         <property name="hostName" value="j.rili - cmit-jrili.cmit.cardmri.local"/>
         <property name="os" value="Windows 10 64bit"/>
         <property name="katalonVersion" value="8.6.5.208"/>
         <property name="browser" value="Chrome 114.0.0.0"/>
         <property name="hostAddress" value="10.200.54.66"/>
         <property name="sessionId" value="985043bdc555a30ffddfbdd04dc7df60"/>
         <property name="seleniumVersion" value="3.141.59"/>
         <property name="proxyInformation" value="ProxyInformation { proxyOption=NO_PROXY, proxyServerType=HTTP, username=, password=********, proxyServerAddress=, proxyServerPort=0, executionList=&quot;&quot;, isApplyToDesiredCapabilities=true }"/>
         <property name="platform" value="Windows 10"/>
      </properties>
      <testcase name="Test Cases/LoginOutsystem" time="7.791" classname="Test Cases/LoginOutsystem" status="PASSED">
         <system-out><![CDATA[2023-07-24 10:42:44 - [TEST_CASE][PASSED] - Test Cases/LoginOutsystem: Test Cases/LoginOutsystem

2023-07-24 10:42:44 - [TEST_STEP][PASSED] - openBrowser(""): Browser is opened with url: ''

2023-07-24 10:42:45 - [MESSAGE][INFO] - Starting 'Chrome' driver

2023-07-24 10:42:45 - [MESSAGE][INFO] - Action delay is set to 0 milliseconds

2023-07-24 10:42:47 - [MESSAGE][PASSED] - Browser is opened with url: ''

2023-07-24 10:42:47 - [TEST_STEP][PASSED] - navigateToUrl("https://cmiti-tst.outsystemsenterprise.com/AccountingSystem/MainPage"): Navigate to 'https://cmiti-tst.outsystemsenterprise.com/AccountingSystem/MainPage' successfully

2023-07-24 10:42:48 - [MESSAGE][PASSED] - Navigate to 'https://cmiti-tst.outsystemsenterprise.com/AccountingSystem/MainPage' successfully

2023-07-24 10:42:48 - [TEST_STEP][PASSED] - setText(findTestObject("Object Repository/Login/Page_Login/input_LOGIN_Input_Username2"), "Jonna Rili"): Text 'Jonna Rili' is set on object 'Object Repository/Login/Page_Login/input_LOGIN_Input_Username2'

2023-07-24 10:42:50 - [MESSAGE][PASSED] - Text 'Jonna Rili' is set on object 'Object Repository/Login/Page_Login/input_LOGIN_Input_Username2'

2023-07-24 10:42:51 - [TEST_STEP][PASSED] - setEncryptedText(findTestObject("Object Repository/Login/Page_Login/input_LOGIN_Input_Password2"), "iFGeFYmXIrU6ruIopQUS+w=="): Text ****** has been set on object 'Object Repository/Login/Page_Login/input_LOGIN_Input_Password2'

2023-07-24 10:42:51 - [MESSAGE][PASSED] - Text ****** has been set on object 'Object Repository/Login/Page_Login/input_LOGIN_Input_Password2'

2023-07-24 10:42:51 - [TEST_STEP][PASSED] - click(findTestObject("Object Repository/Login/Page_Login/button_Login")): Object: 'Object Repository/Login/Page_Login/button_Login' is clicked on

2023-07-24 10:42:52 - [MESSAGE][PASSED] - Object: 'Object Repository/Login/Page_Login/button_Login' is clicked on]]></system-out>
         <system-err><![CDATA[]]></system-err>
      </testcase>
      <testcase name="Test Cases/Logout" time="4.537" classname="Test Cases/Logout" status="PASSED">
         <system-out><![CDATA[2023-07-24 10:42:52 - [TEST_CASE][PASSED] - Test Cases/Logout: Test Cases/Logout

2023-07-24 10:42:52 - [TEST_STEP][PASSED] - click(findTestObject("Object Repository/Login/Page_Home Page/i_Rili,Jonna Sr. Finance Officer_icon fa fa_be7e34")): Object: 'Object Repository/Login/Page_Home Page/i_Rili,Jonna Sr. Finance Officer_icon fa fa_be7e34' is clicked on

2023-07-24 10:42:54 - [MESSAGE][PASSED] - Object: 'Object Repository/Login/Page_Home Page/i_Rili,Jonna Sr. Finance Officer_icon fa fa_be7e34' is clicked on

2023-07-24 10:42:54 - [TEST_STEP][PASSED] - click(findTestObject("Object Repository/Login/Page_Home Page/span_Logout")): Object: 'Object Repository/Login/Page_Home Page/span_Logout' is clicked on

2023-07-24 10:42:55 - [MESSAGE][PASSED] - Object: 'Object Repository/Login/Page_Home Page/span_Logout' is clicked on

2023-07-24 10:42:55 - [TEST_STEP][PASSED] - click(findTestObject("Object Repository/Login/Page_Home Page/button_Logout")): Object: 'Object Repository/Login/Page_Home Page/button_Logout' is clicked on

2023-07-24 10:42:55 - [MESSAGE][PASSED] - Object: 'Object Repository/Login/Page_Home Page/button_Logout' is clicked on

2023-07-24 10:42:55 - [TEST_STEP][PASSED] - closeBrowser(): Browser is closed

2023-07-24 10:42:56 - [MESSAGE][PASSED] - Browser is closed]]></system-out>
         <system-err><![CDATA[]]></system-err>
      </testcase>
      <system-out><![CDATA[2023-07-24 10:42:44 - [TEST_SUITE][PASSED] - CAS Oustsystem: Test Cases/Logout]]></system-out>
      <system-err><![CDATA[]]></system-err>
   </testsuite>
</testsuites>
