<?xml version="1.0" encoding="UTF-8"?>
<testsuites name="Utilities" time="78.371" tests="1" failures="0" errors="0">
   <testsuite name="Utilities" tests="1" failures="0" errors="0" time="78.371" skipped="0" timestamp="2023-07-24 09:04:29" hostname="j.rili - cmit-jrili.cmit.cardmri.local" id="Test Suites/Utilities">
      <properties>
         <property name="deviceName" value=""/>
         <property name="devicePlatform" value=""/>
         <property name="logFolder" value="C:\\Users\\j.rili\\Katalon Studio\\CAS_NGO\\CAS-NGO\\CAS-NGO\\CAS-NGO\\CAS-NGO\\CAS-NGO\\Outsystem-CAS\\Reports\\20230724_090426\\Utilities\\20230724_090426"/>
         <property name="logFiles" value="C:\\Users\\j.rili\\Katalon Studio\\CAS_NGO\\CAS-NGO\\CAS-NGO\\CAS-NGO\\CAS-NGO\\CAS-NGO\\Outsystem-CAS\\Reports\\20230724_090426\\Utilities\\20230724_090426\\execution0.log"/>
         <property name="attachments" value=""/>
         <property name="hostName" value="j.rili - cmit-jrili.cmit.cardmri.local"/>
         <property name="os" value="Windows 10 64bit"/>
         <property name="katalonVersion" value="8.6.5.208"/>
         <property name="browser" value="Chrome 114.0.0.0"/>
         <property name="hostAddress" value="10.200.54.66"/>
         <property name="sessionId" value="5264fd16c0cf862ef8850da1897d8dcc"/>
         <property name="seleniumVersion" value="3.141.59"/>
         <property name="proxyInformation" value="ProxyInformation { proxyOption=NO_PROXY, proxyServerType=HTTP, username=, password=********, proxyServerAddress=, proxyServerPort=0, executionList=&quot;&quot;, isApplyToDesiredCapabilities=true }"/>
         <property name="platform" value="Windows 10"/>
      </properties>
      <testcase name="Test Cases/tetsinglogin" time="78.1" classname="Test Cases/tetsinglogin" status="PASSED">
         <system-out><![CDATA[2023-07-24 09:04:29 - [TEST_CASE][PASSED] - Test Cases/tetsinglogin: Test Cases/tetsinglogin

2023-07-24 09:04:29 - [TEST_STEP][PASSED] - openBrowser(""): Browser is opened with url: ''

2023-07-24 09:04:30 - [MESSAGE][INFO] - Starting 'Chrome' driver

2023-07-24 09:04:30 - [MESSAGE][INFO] - Action delay is set to 0 milliseconds

2023-07-24 09:04:34 - [MESSAGE][PASSED] - Browser is opened with url: ''

2023-07-24 09:04:34 - [TEST_STEP][PASSED] - navigateToUrl("https://cmiti-tst.outsystemsenterprise.com/AccountingSystem/Login"): Navigate to 'https://cmiti-tst.outsystemsenterprise.com/AccountingSystem/Login' successfully

2023-07-24 09:04:34 - [MESSAGE][PASSED] - Navigate to 'https://cmiti-tst.outsystemsenterprise.com/AccountingSystem/Login' successfully

2023-07-24 09:04:34 - [TEST_STEP][PASSED] - setText(findTestObject("Object Repository/Page_Login/input_Sign-in continue session_Input_Username"), "Jonna Rili"): Text 'Jonna Rili' is set on object 'Object Repository/Page_Login/input_Sign-in continue session_Input_Username'

2023-07-24 09:04:37 - [MESSAGE][PASSED] - Text 'Jonna Rili' is set on object 'Object Repository/Page_Login/input_Sign-in continue session_Input_Username'

2023-07-24 09:04:37 - [TEST_STEP][PASSED] - setEncryptedText(findTestObject("Object Repository/Page_Login/input_Sign-in continue session_Input_Password"), "9NLz+4tGZcQ="): Text ****** has been set on object 'Object Repository/Page_Login/input_Sign-in continue session_Input_Password'

2023-07-24 09:04:37 - [MESSAGE][PASSED] - Text ****** has been set on object 'Object Repository/Page_Login/input_Sign-in continue session_Input_Password'

2023-07-24 09:04:37 - [TEST_STEP][PASSED] - setText(findTestObject("Object Repository/Page_Login/input_Sign-in continue session_Input_Username"), "Jonna Rili"): Text 'Jonna Rili' is set on object 'Object Repository/Page_Login/input_Sign-in continue session_Input_Username'

2023-07-24 09:04:38 - [MESSAGE][PASSED] - Text 'Jonna Rili' is set on object 'Object Repository/Page_Login/input_Sign-in continue session_Input_Username'

2023-07-24 09:04:38 - [TEST_STEP][PASSED] - setEncryptedText(findTestObject("Object Repository/Page_Login/input_Sign-in continue session_Input_Password"), "MHSUC33hkPnBWRnjFBNCPA=="): Text ****** has been set on object 'Object Repository/Page_Login/input_Sign-in continue session_Input_Password'

2023-07-24 09:04:39 - [MESSAGE][PASSED] - Text ****** has been set on object 'Object Repository/Page_Login/input_Sign-in continue session_Input_Password'

2023-07-24 09:04:39 - [TEST_STEP][PASSED] - click(findTestObject("Object Repository/Page_Login/button_Login")): Object: 'Object Repository/Page_Login/button_Login' is clicked on

2023-07-24 09:04:39 - [MESSAGE][PASSED] - Object: 'Object Repository/Page_Login/button_Login' is clicked on

2023-07-24 09:04:39 - [TEST_STEP][PASSED] - click(findTestObject("Object Repository/Page_Login/i_Sign-in continue session_notview")): Object: 'Object Repository/Page_Login/i_Sign-in continue session_notview' is clicked on

2023-07-24 09:04:40 - [MESSAGE][PASSED] - Object: 'Object Repository/Page_Login/i_Sign-in continue session_notview' is clicked on

2023-07-24 09:04:40 - [TEST_STEP][PASSED] - delay(1): Delayed 1 second(s)

2023-07-24 09:04:41 - [MESSAGE][PASSED] - Delayed 1 second(s)

2023-07-24 09:04:41 - [TEST_STEP][PASSED] - setText(findTestObject("Object Repository/Page_Login/input_Sign-in continue session_Input_Password_1"), "P@ssw0rd123"): Text 'P@ssw0rd123' is set on object 'Object Repository/Page_Login/input_Sign-in continue session_Input_Password_1'

2023-07-24 09:04:42 - [MESSAGE][PASSED] - Text 'P@ssw0rd123' is set on object 'Object Repository/Page_Login/input_Sign-in continue session_Input_Password_1'

2023-07-24 09:04:42 - [TEST_STEP][PASSED] - click(findTestObject("Object Repository/Page_Login/button_Login")): Object: 'Object Repository/Page_Login/button_Login' is clicked on

2023-07-24 09:04:43 - [MESSAGE][PASSED] - Object: 'Object Repository/Page_Login/button_Login' is clicked on

2023-07-24 09:04:43 - [TEST_STEP][PASSED] - click(findTestObject("Object Repository/Page_Home Page/i_Series Number_icon fa fa-th fa-2x")): Object: 'Object Repository/Page_Home Page/i_Series Number_icon fa fa-th fa-2x' is clicked on

2023-07-24 09:04:46 - [MESSAGE][PASSED] - Object: 'Object Repository/Page_Home Page/i_Series Number_icon fa fa-th fa-2x' is clicked on

2023-07-24 09:04:46 - [TEST_STEP][PASSED] - click(findTestObject("Object Repository/Page_Home Page/span_Logout")): Object: 'Object Repository/Page_Home Page/span_Logout' is clicked on

2023-07-24 09:05:16 - [MESSAGE][PASSED] - Object: 'Object Repository/Page_Home Page/span_Logout' is clicked on

2023-07-24 09:05:16 - [TEST_STEP][PASSED] - click(findTestObject("Object Repository/Page_Home Page/button_Logout")): Object: 'Object Repository/Page_Home Page/button_Logout' is clicked on

2023-07-24 09:05:46 - [MESSAGE][PASSED] - Object: 'Object Repository/Page_Home Page/button_Logout' is clicked on

2023-07-24 09:05:46 - [TEST_STEP][PASSED] - closeBrowser(): Browser is closed

2023-07-24 09:05:47 - [MESSAGE][PASSED] - Browser is closed]]></system-out>
         <system-err><![CDATA[]]></system-err>
      </testcase>
      <system-out><![CDATA[2023-07-24 09:04:29 - [TEST_SUITE][PASSED] - Utilities: Test Cases/tetsinglogin]]></system-out>
      <system-err><![CDATA[]]></system-err>
   </testsuite>
</testsuites>
