<?xml version="1.0" encoding="UTF-8"?>
<testsuites name="Utilities" time="405.536" tests="2" failures="0" errors="0">
   <testsuite name="Utilities" tests="2" failures="0" errors="0" time="405.536" skipped="0" timestamp="2023-07-03 10:51:11" hostname="j.rili - cmit-jrili.cmit.cardmri.local" id="Test Suites/Utilities">
      <properties>
         <property name="deviceName" value=""/>
         <property name="devicePlatform" value=""/>
         <property name="logFolder" value="C:\\Users\\j.rili\\git\\Outsystem-CAS\\Outsystem-CAS\\Reports\\20230703_105108\\Utilities\\20230703_105108"/>
         <property name="logFiles" value="C:\\Users\\j.rili\\git\\Outsystem-CAS\\Outsystem-CAS\\Reports\\20230703_105108\\Utilities\\20230703_105108\\execution0.log"/>
         <property name="attachments" value=""/>
         <property name="hostName" value="j.rili - cmit-jrili.cmit.cardmri.local"/>
         <property name="os" value="Windows 10 64bit"/>
         <property name="katalonVersion" value="8.6.5.208"/>
         <property name="browser" value="Chrome 114.0.0.0"/>
         <property name="hostAddress" value="10.200.54.66"/>
         <property name="sessionId" value="38ea2e2b8db9157faa4e9cc829446e22"/>
         <property name="seleniumVersion" value="3.141.59"/>
         <property name="proxyInformation" value="ProxyInformation { proxyOption=NO_PROXY, proxyServerType=HTTP, username=, password=********, proxyServerAddress=, proxyServerPort=0, executionList=&quot;&quot;, isApplyToDesiredCapabilities=true }"/>
         <property name="platform" value="Windows 10"/>
      </properties>
      <testcase name="Test Cases/Login" time="6.967" classname="Test Cases/Login" status="PASSED">
         <system-out><![CDATA[2023-07-03 10:51:11 - [TEST_CASE][PASSED] - Test Cases/Login: Test Cases/Login

2023-07-03 10:51:11 - [TEST_STEP][PASSED] - openBrowser(""): Browser is opened with url: ''

2023-07-03 10:51:11 - [MESSAGE][INFO] - Starting 'Chrome' driver

2023-07-03 10:51:11 - [MESSAGE][INFO] - Action delay is set to 0 milliseconds

2023-07-03 10:51:14 - [MESSAGE][PASSED] - Browser is opened with url: ''

2023-07-03 10:51:14 - [TEST_STEP][PASSED] - navigateToUrl("https://cmiti-tst.outsystemsenterprise.com/AccountingSystem/Login"): Navigate to 'https://cmiti-tst.outsystemsenterprise.com/AccountingSystem/Login' successfully

2023-07-03 10:51:14 - [MESSAGE][PASSED] - Navigate to 'https://cmiti-tst.outsystemsenterprise.com/AccountingSystem/Login' successfully

2023-07-03 10:51:14 - [TEST_STEP][PASSED] - setText(findTestObject("Object Repository/Manage Role/Page_Login/input_Sign-in continue session_Input_Username"), "Jonna Rili"): Text 'Jonna Rili' is set on object 'Object Repository/Manage Role/Page_Login/input_Sign-in continue session_Input_Username'

2023-07-03 10:51:17 - [MESSAGE][PASSED] - Text 'Jonna Rili' is set on object 'Object Repository/Manage Role/Page_Login/input_Sign-in continue session_Input_Username'

2023-07-03 10:51:17 - [TEST_STEP][PASSED] - setEncryptedText(findTestObject("Object Repository/Manage Role/Page_Login/input_Sign-in continue session_Input_Password"), "iFGeFYmXIrU6ruIopQUS+w=="): Text ****** has been set on object 'Object Repository/Manage Role/Page_Login/input_Sign-in continue session_Input_Password'

2023-07-03 10:51:17 - [MESSAGE][PASSED] - Text ****** has been set on object 'Object Repository/Manage Role/Page_Login/input_Sign-in continue session_Input_Password'

2023-07-03 10:51:17 - [TEST_STEP][PASSED] - click(findTestObject("Object Repository/Manage Role/Page_Login/button_Login")): Object: 'Object Repository/Manage Role/Page_Login/button_Login' is clicked on

2023-07-03 10:51:18 - [MESSAGE][PASSED] - Object: 'Object Repository/Manage Role/Page_Login/button_Login' is clicked on]]></system-out>
         <system-err><![CDATA[]]></system-err>
      </testcase>
      <testcase name="Test Cases/Manage Role" time="398.339" classname="Test Cases/Manage Role" status="PASSED">
         <system-out><![CDATA[2023-07-03 10:51:18 - [TEST_CASE][PASSED] - Test Cases/Manage Role: Test Cases/Manage Role

2023-07-03 10:51:18 - [TEST_STEP][PASSED] - click(findTestObject("Object Repository/Manage Role/Page_Home Page/div_Report_osui-accordion-item__icon osui-a_d9ee91")): Object: 'Object Repository/Manage Role/Page_Home Page/div_Report_osui-accordion-item__icon osui-a_d9ee91' is clicked on

2023-07-03 10:51:20 - [MESSAGE][PASSED] - Object: 'Object Repository/Manage Role/Page_Home Page/div_Report_osui-accordion-item__icon osui-a_d9ee91' is clicked on

2023-07-03 10:51:20 - [TEST_STEP][PASSED] - click(findTestObject("Object Repository/Manage Role/Page_Home Page/div_Report_osui-accordion-item__icon osui-a_d9ee91")): Object: 'Object Repository/Manage Role/Page_Home Page/div_Report_osui-accordion-item__icon osui-a_d9ee91' is clicked on

2023-07-03 10:51:51 - [MESSAGE][PASSED] - Object: 'Object Repository/Manage Role/Page_Home Page/div_Report_osui-accordion-item__icon osui-a_d9ee91' is clicked on

2023-07-03 10:51:51 - [TEST_STEP][PASSED] - click(findTestObject("Object Repository/Manage Role/Page_Home Page/div_Utilities")): Object: 'Object Repository/Manage Role/Page_Home Page/div_Utilities' is clicked on

2023-07-03 10:52:21 - [MESSAGE][PASSED] - Object: 'Object Repository/Manage Role/Page_Home Page/div_Utilities' is clicked on

2023-07-03 10:52:21 - [TEST_STEP][PASSED] - click(findTestObject("Object Repository/Manage Role/Page_Home Page/div_Utilities_1")): Object: 'Object Repository/Manage Role/Page_Home Page/div_Utilities_1' is clicked on

2023-07-03 10:52:51 - [MESSAGE][PASSED] - Object: 'Object Repository/Manage Role/Page_Home Page/div_Utilities_1' is clicked on

2023-07-03 10:52:51 - [TEST_STEP][PASSED] - click(findTestObject("Object Repository/Manage Role/Page_Home Page/a_Manage Roles")): Object: 'Object Repository/Manage Role/Page_Home Page/a_Manage Roles' is clicked on

2023-07-03 10:53:21 - [MESSAGE][PASSED] - Object: 'Object Repository/Manage Role/Page_Home Page/a_Manage Roles' is clicked on

2023-07-03 10:53:21 - [TEST_STEP][PASSED] - selectOptionByValue(findTestObject("Object Repository/Manage Role/Page_Manage Roles/select_---Select---AdministratorAuditorCash_5bdd56"), "0", true): All options with value '0' are selected in object 'Object Repository/Manage Role/Page_Manage Roles/select_---Select---AdministratorAuditorCash_5bdd56'  using regular expression

2023-07-03 10:54:52 - [MESSAGE][PASSED] - All options with value '0' are selected in object 'Object Repository/Manage Role/Page_Manage Roles/select_---Select---AdministratorAuditorCash_5bdd56'  using regular expression

2023-07-03 10:54:52 - [TEST_STEP][PASSED] - click(findTestObject("Object Repository/Manage Role/Page_Manage Roles/button_Create Modules")): Object: 'Object Repository/Manage Role/Page_Manage Roles/button_Create Modules' is clicked on

2023-07-03 10:55:23 - [MESSAGE][PASSED] - Object: 'Object Repository/Manage Role/Page_Manage Roles/button_Create Modules' is clicked on

2023-07-03 10:55:23 - [TEST_STEP][PASSED] - click(findTestObject("Object Repository/Manage Role/Page_Manage Roles/i_CARD MRI Information Technology Inc_icon _9075e9")): Object: 'Object Repository/Manage Role/Page_Manage Roles/i_CARD MRI Information Technology Inc_icon _9075e9' is clicked on

2023-07-03 10:55:53 - [MESSAGE][PASSED] - Object: 'Object Repository/Manage Role/Page_Manage Roles/i_CARD MRI Information Technology Inc_icon _9075e9' is clicked on

2023-07-03 10:55:53 - [TEST_STEP][PASSED] - click(findTestObject("Object Repository/Manage Role/Page_Manage Roles/span_Generate List")): Object: 'Object Repository/Manage Role/Page_Manage Roles/span_Generate List' is clicked on

2023-07-03 10:56:23 - [MESSAGE][PASSED] - Object: 'Object Repository/Manage Role/Page_Manage Roles/span_Generate List' is clicked on

2023-07-03 10:56:23 - [TEST_STEP][PASSED] - click(findTestObject("Object Repository/Manage Role/Page_Manage Roles/span_Back to Manage Role Page")): Object: 'Object Repository/Manage Role/Page_Manage Roles/span_Back to Manage Role Page' is clicked on

2023-07-03 10:56:25 - [MESSAGE][PASSED] - Object: 'Object Repository/Manage Role/Page_Manage Roles/span_Back to Manage Role Page' is clicked on

2023-07-03 10:56:25 - [TEST_STEP][PASSED] - click(findTestObject("Object Repository/Manage Role/Page_Manage Roles/i_Series Number_icon fa fa-th fa-2x")): Object: 'Object Repository/Manage Role/Page_Manage Roles/i_Series Number_icon fa fa-th fa-2x' is clicked on

2023-07-03 10:56:55 - [MESSAGE][PASSED] - Object: 'Object Repository/Manage Role/Page_Manage Roles/i_Series Number_icon fa fa-th fa-2x' is clicked on

2023-07-03 10:56:55 - [TEST_STEP][PASSED] - click(findTestObject("Object Repository/Manage Role/Page_Manage Roles/span_Logout")): Object: 'Object Repository/Manage Role/Page_Manage Roles/span_Logout' is clicked on

2023-07-03 10:57:25 - [MESSAGE][PASSED] - Object: 'Object Repository/Manage Role/Page_Manage Roles/span_Logout' is clicked on

2023-07-03 10:57:25 - [TEST_STEP][PASSED] - click(findTestObject("Object Repository/Manage Role/Page_Manage Roles/button_Logout")): Object: 'Object Repository/Manage Role/Page_Manage Roles/button_Logout' is clicked on

2023-07-03 10:57:55 - [MESSAGE][PASSED] - Object: 'Object Repository/Manage Role/Page_Manage Roles/button_Logout' is clicked on

2023-07-03 10:57:55 - [TEST_STEP][PASSED] - closeBrowser(): Browser is closed

2023-07-03 10:57:56 - [MESSAGE][PASSED] - Browser is closed]]></system-out>
         <system-err><![CDATA[]]></system-err>
      </testcase>
      <system-out><![CDATA[2023-07-03 10:51:11 - [TEST_SUITE][PASSED] - Utilities: Test Cases/Manage Role]]></system-out>
      <system-err><![CDATA[]]></system-err>
   </testsuite>
</testsuites>
