<?xml version="1.0" encoding="UTF-8"?>
<testsuites name="CAS Oustsystem" time="18.66" tests="2" failures="0" errors="0">
   <testsuite name="CAS Oustsystem" tests="2" failures="0" errors="0" time="18.66" skipped="0" timestamp="2023-07-25 13:17:53" hostname="j.rili - cmit-jrili.cmit.cardmri.local" id="Test Suites/CAS Oustsystem">
      <properties>
         <property name="deviceName" value=""/>
         <property name="devicePlatform" value=""/>
         <property name="logFolder" value="C:\\Users\\j.rili\\Katalon Studio\\CAS_NGO\\CAS-NGO\\CAS-NGO\\CAS-NGO\\CAS-NGO\\CAS-NGO\\OSSAS-KATALON\\Outsystem-CAS\\Reports\\20230725_131749\\CAS Oustsystem\\20230725_131750"/>
         <property name="logFiles" value="C:\\Users\\j.rili\\Katalon Studio\\CAS_NGO\\CAS-NGO\\CAS-NGO\\CAS-NGO\\CAS-NGO\\CAS-NGO\\OSSAS-KATALON\\Outsystem-CAS\\Reports\\20230725_131749\\CAS Oustsystem\\20230725_131750\\execution0.log"/>
         <property name="attachments" value=""/>
         <property name="hostName" value="j.rili - cmit-jrili.cmit.cardmri.local"/>
         <property name="os" value="Windows 10 64bit"/>
         <property name="katalonVersion" value="8.6.5.208"/>
         <property name="browser" value="Chrome 115.0.0.0"/>
         <property name="hostAddress" value="10.200.54.66"/>
         <property name="sessionId" value="c4127efa42006e10839861a1739ff93e"/>
         <property name="seleniumVersion" value="3.141.59"/>
         <property name="proxyInformation" value="ProxyInformation { proxyOption=NO_PROXY, proxyServerType=HTTP, username=, password=********, proxyServerAddress=, proxyServerPort=0, executionList=&quot;&quot;, isApplyToDesiredCapabilities=true }"/>
         <property name="platform" value="Windows 10"/>
      </properties>
      <testcase name="Test Cases/LoginOutsystem" time="8.19" classname="Test Cases/LoginOutsystem" status="PASSED">
         <system-out><![CDATA[2023-07-25 13:17:53 - [TEST_CASE][PASSED] - Test Cases/LoginOutsystem: Test Cases/LoginOutsystem

2023-07-25 13:17:53 - [TEST_STEP][PASSED] - openBrowser(""): Browser is opened with url: ''

2023-07-25 13:17:54 - [MESSAGE][INFO] - Starting 'Chrome' driver

2023-07-25 13:17:54 - [MESSAGE][INFO] - Action delay is set to 0 milliseconds

2023-07-25 13:17:56 - [MESSAGE][PASSED] - Browser is opened with url: ''

2023-07-25 13:17:56 - [TEST_STEP][PASSED] - navigateToUrl("https://cmiti-tst.outsystemsenterprise.com/AccountingSystem/MainPage"): Navigate to 'https://cmiti-tst.outsystemsenterprise.com/AccountingSystem/MainPage' successfully

2023-07-25 13:17:57 - [MESSAGE][PASSED] - Navigate to 'https://cmiti-tst.outsystemsenterprise.com/AccountingSystem/MainPage' successfully

2023-07-25 13:17:57 - [TEST_STEP][PASSED] - setText(findTestObject("Object Repository/Login/Page_Login/input_LOGIN_Input_Username2"), "Jonna Rili"): Text 'Jonna Rili' is set on object 'Object Repository/Login/Page_Login/input_LOGIN_Input_Username2'

2023-07-25 13:18:00 - [MESSAGE][PASSED] - Text 'Jonna Rili' is set on object 'Object Repository/Login/Page_Login/input_LOGIN_Input_Username2'

2023-07-25 13:18:00 - [TEST_STEP][PASSED] - setEncryptedText(findTestObject("Object Repository/Login/Page_Login/input_LOGIN_Input_Password2"), "iFGeFYmXIrU6ruIopQUS+w=="): Text ****** has been set on object 'Object Repository/Login/Page_Login/input_LOGIN_Input_Password2'

2023-07-25 13:18:01 - [MESSAGE][PASSED] - Text ****** has been set on object 'Object Repository/Login/Page_Login/input_LOGIN_Input_Password2'

2023-07-25 13:18:01 - [TEST_STEP][PASSED] - click(findTestObject("Object Repository/Login/Page_Login/button_Login")): Object: 'Object Repository/Login/Page_Login/button_Login' is clicked on

2023-07-25 13:18:01 - [MESSAGE][PASSED] - Object: 'Object Repository/Login/Page_Login/button_Login' is clicked on]]></system-out>
         <system-err><![CDATA[]]></system-err>
      </testcase>
      <testcase name="Test Cases/Logout" time="10.227" classname="Test Cases/Logout" status="PASSED">
         <system-out><![CDATA[2023-07-25 13:18:01 - [TEST_CASE][PASSED] - Test Cases/Logout: Test Cases/Logout

2023-07-25 13:18:02 - [TEST_STEP][PASSED] - click(findTestObject("Object Repository/Login/Page_Home Page/i_Rili,Jonna Sr. Finance Officer_icon fa fa_be7e34")): Object: 'Object Repository/Login/Page_Home Page/i_Rili,Jonna Sr. Finance Officer_icon fa fa_be7e34' is clicked on

2023-07-25 13:18:10 - [MESSAGE][PASSED] - Object: 'Object Repository/Login/Page_Home Page/i_Rili,Jonna Sr. Finance Officer_icon fa fa_be7e34' is clicked on

2023-07-25 13:18:10 - [TEST_STEP][PASSED] - click(findTestObject("Object Repository/Login/Page_Home Page/span_Logout")): Object: 'Object Repository/Login/Page_Home Page/span_Logout' is clicked on

2023-07-25 13:18:10 - [MESSAGE][PASSED] - Object: 'Object Repository/Login/Page_Home Page/span_Logout' is clicked on

2023-07-25 13:18:10 - [TEST_STEP][PASSED] - click(findTestObject("Object Repository/Login/Page_Home Page/button_Logout")): Object: 'Object Repository/Login/Page_Home Page/button_Logout' is clicked on

2023-07-25 13:18:11 - [MESSAGE][PASSED] - Object: 'Object Repository/Login/Page_Home Page/button_Logout' is clicked on

2023-07-25 13:18:11 - [TEST_STEP][PASSED] - closeBrowser(): Browser is closed

2023-07-25 13:18:11 - [MESSAGE][PASSED] - Browser is closed]]></system-out>
         <system-err><![CDATA[]]></system-err>
      </testcase>
      <system-out><![CDATA[2023-07-25 13:17:53 - [TEST_SUITE][PASSED] - CAS Oustsystem: Test Cases/Logout]]></system-out>
      <system-err><![CDATA[]]></system-err>
   </testsuite>
</testsuites>
