<?xml version="1.0" encoding="UTF-8"?>
<testsuites name="CAS Oustsystem" time="16.91" tests="2" failures="0" errors="0">
   <testsuite name="CAS Oustsystem" tests="2" failures="0" errors="0" time="16.91" skipped="0" timestamp="2023-07-25 14:23:28" hostname="j.rili - cmit-jrili.cmit.cardmri.local" id="Test Suites/CAS Oustsystem">
      <properties>
         <property name="deviceName" value=""/>
         <property name="devicePlatform" value=""/>
         <property name="logFolder" value="C:\\Users\\j.rili\\Katalon Studio\\CAS_NGO\\CAS-NGO\\CAS-NGO\\CAS-NGO\\CAS-NGO\\CAS-NGO\\OSSAS-KATALON\\Outsystem-CAS\\Reports\\20230725_142326\\CAS Oustsystem\\20230725_142326"/>
         <property name="logFiles" value="C:\\Users\\j.rili\\Katalon Studio\\CAS_NGO\\CAS-NGO\\CAS-NGO\\CAS-NGO\\CAS-NGO\\CAS-NGO\\OSSAS-KATALON\\Outsystem-CAS\\Reports\\20230725_142326\\CAS Oustsystem\\20230725_142326\\execution0.log"/>
         <property name="attachments" value=""/>
         <property name="hostName" value="j.rili - cmit-jrili.cmit.cardmri.local"/>
         <property name="os" value="Windows 10 64bit"/>
         <property name="katalonVersion" value="8.6.5.208"/>
         <property name="browser" value="Chrome 115.0.0.0"/>
         <property name="hostAddress" value="10.200.54.66"/>
         <property name="sessionId" value="d97acfe7a285b11e1198c14dad2bb130"/>
         <property name="seleniumVersion" value="3.141.59"/>
         <property name="proxyInformation" value="ProxyInformation { proxyOption=NO_PROXY, proxyServerType=HTTP, username=, password=********, proxyServerAddress=, proxyServerPort=0, executionList=&quot;&quot;, isApplyToDesiredCapabilities=true }"/>
         <property name="platform" value="Windows 10"/>
      </properties>
      <testcase name="Test Cases/LoginOutsystem" time="7.41" classname="Test Cases/LoginOutsystem" status="PASSED">
         <system-out><![CDATA[2023-07-25 14:23:28 - [TEST_CASE][PASSED] - Test Cases/LoginOutsystem: Test Cases/LoginOutsystem

2023-07-25 14:23:29 - [TEST_STEP][PASSED] - openBrowser(""): Browser is opened with url: ''

2023-07-25 14:23:29 - [MESSAGE][INFO] - Starting 'Chrome' driver

2023-07-25 14:23:29 - [MESSAGE][INFO] - Action delay is set to 0 milliseconds

2023-07-25 14:23:31 - [MESSAGE][PASSED] - Browser is opened with url: ''

2023-07-25 14:23:31 - [TEST_STEP][PASSED] - navigateToUrl("https://cmiti-tst.outsystemsenterprise.com/AccountingSystem/MainPage"): Navigate to 'https://cmiti-tst.outsystemsenterprise.com/AccountingSystem/MainPage' successfully

2023-07-25 14:23:32 - [MESSAGE][PASSED] - Navigate to 'https://cmiti-tst.outsystemsenterprise.com/AccountingSystem/MainPage' successfully

2023-07-25 14:23:32 - [TEST_STEP][PASSED] - maximizeWindow(): Current window maximized

2023-07-25 14:23:32 - [MESSAGE][PASSED] - Current window maximized

2023-07-25 14:23:32 - [TEST_STEP][PASSED] - setText(findTestObject("Object Repository/Login/Page_Login/input_LOGIN_Input_Username2"), "Jonna Rili"): Text 'Jonna Rili' is set on object 'Object Repository/Login/Page_Login/input_LOGIN_Input_Username2'

2023-07-25 14:23:35 - [MESSAGE][PASSED] - Text 'Jonna Rili' is set on object 'Object Repository/Login/Page_Login/input_LOGIN_Input_Username2'

2023-07-25 14:23:35 - [TEST_STEP][PASSED] - setEncryptedText(findTestObject("Object Repository/Login/Page_Login/input_LOGIN_Input_Password2"), "iFGeFYmXIrU6ruIopQUS+w=="): Text ****** has been set on object 'Object Repository/Login/Page_Login/input_LOGIN_Input_Password2'

2023-07-25 14:23:35 - [MESSAGE][PASSED] - Text ****** has been set on object 'Object Repository/Login/Page_Login/input_LOGIN_Input_Password2'

2023-07-25 14:23:35 - [TEST_STEP][PASSED] - click(findTestObject("Object Repository/Login/Page_Login/button_Login")): Object: 'Object Repository/Login/Page_Login/button_Login' is clicked on

2023-07-25 14:23:36 - [MESSAGE][PASSED] - Object: 'Object Repository/Login/Page_Login/button_Login' is clicked on]]></system-out>
         <system-err><![CDATA[]]></system-err>
      </testcase>
      <testcase name="Test Cases/UserManagement" time="9.24" classname="Test Cases/UserManagement" status="PASSED">
         <system-out><![CDATA[2023-07-25 14:23:36 - [TEST_CASE][PASSED] - Test Cases/UserManagement: Test Cases/UserManagement

2023-07-25 14:23:36 - [TEST_STEP][PASSED] - click(findTestObject("Object Repository/Users Management/New Folder/Page_Home Page/div_Utilities")): Object: 'Object Repository/Users Management/New Folder/Page_Home Page/div_Utilities' is clicked on

2023-07-25 14:23:39 - [MESSAGE][PASSED] - Object: 'Object Repository/Users Management/New Folder/Page_Home Page/div_Utilities' is clicked on

2023-07-25 14:23:39 - [TEST_STEP][PASSED] - click(findTestObject("Object Repository/Users Management/New Folder/Page_Home Page/span_Utilities")): Object: 'Object Repository/Users Management/New Folder/Page_Home Page/span_Utilities' is clicked on

2023-07-25 14:23:39 - [MESSAGE][PASSED] - Object: 'Object Repository/Users Management/New Folder/Page_Home Page/span_Utilities' is clicked on

2023-07-25 14:23:39 - [TEST_STEP][PASSED] - click(findTestObject("Object Repository/Users Management/New Folder/Page_Home Page/span_User Management")): Object: 'Object Repository/Users Management/New Folder/Page_Home Page/span_User Management' is clicked on

2023-07-25 14:23:40 - [MESSAGE][PASSED] - Object: 'Object Repository/Users Management/New Folder/Page_Home Page/span_User Management' is clicked on

2023-07-25 14:23:40 - [TEST_STEP][PASSED] - click(findTestObject("Object Repository/Users Management/New Folder/Page_Manage User/i_Action_icon fa fa-plus-square fa-2x")): Object: 'Object Repository/Users Management/New Folder/Page_Manage User/i_Action_icon fa fa-plus-square fa-2x' is clicked on

2023-07-25 14:23:41 - [MESSAGE][PASSED] - Object: 'Object Repository/Users Management/New Folder/Page_Manage User/i_Action_icon fa fa-plus-square fa-2x' is clicked on

2023-07-25 14:23:41 - [TEST_STEP][PASSED] - click(findTestObject("Object Repository/Users Management/New Folder/Page_Manage User/i_Force Logout_icon fa fa-times fa-2x")): Object: 'Object Repository/Users Management/New Folder/Page_Manage User/i_Force Logout_icon fa fa-times fa-2x' is clicked on

2023-07-25 14:23:41 - [MESSAGE][PASSED] - Object: 'Object Repository/Users Management/New Folder/Page_Manage User/i_Force Logout_icon fa fa-times fa-2x' is clicked on

2023-07-25 14:23:41 - [TEST_STEP][PASSED] - click(findTestObject("Object Repository/Users Management/New Folder/Page_Manage User/span_Add User")): Object: 'Object Repository/Users Management/New Folder/Page_Manage User/span_Add User' is clicked on

2023-07-25 14:23:42 - [MESSAGE][PASSED] - Object: 'Object Repository/Users Management/New Folder/Page_Manage User/span_Add User' is clicked on

2023-07-25 14:23:42 - [TEST_STEP][PASSED] - click(findTestObject("Object Repository/Users Management/New Folder/Page_Manage User/i_User Management Form_icon fa fa-times-cir_4adfb2")): Object: 'Object Repository/Users Management/New Folder/Page_Manage User/i_User Management Form_icon fa fa-times-cir_4adfb2' is clicked on

2023-07-25 14:23:43 - [MESSAGE][PASSED] - Object: 'Object Repository/Users Management/New Folder/Page_Manage User/i_User Management Form_icon fa fa-times-cir_4adfb2' is clicked on

2023-07-25 14:23:43 - [TEST_STEP][PASSED] - click(findTestObject("Object Repository/Users Management/New Folder/Page_Manage User/div")): Object: 'Object Repository/Users Management/New Folder/Page_Manage User/div' is clicked on

2023-07-25 14:23:43 - [MESSAGE][PASSED] - Object: 'Object Repository/Users Management/New Folder/Page_Manage User/div' is clicked on

2023-07-25 14:23:43 - [TEST_STEP][PASSED] - click(findTestObject("Object Repository/Users Management/New Folder/Page_Manage User/span_Logout")): Object: 'Object Repository/Users Management/New Folder/Page_Manage User/span_Logout' is clicked on

2023-07-25 14:23:44 - [MESSAGE][PASSED] - Object: 'Object Repository/Users Management/New Folder/Page_Manage User/span_Logout' is clicked on

2023-07-25 14:23:44 - [TEST_STEP][PASSED] - click(findTestObject("Object Repository/Users Management/New Folder/Page_Manage User/button_Logout")): Object: 'Object Repository/Users Management/New Folder/Page_Manage User/button_Logout' is clicked on

2023-07-25 14:23:44 - [MESSAGE][PASSED] - Object: 'Object Repository/Users Management/New Folder/Page_Manage User/button_Logout' is clicked on

2023-07-25 14:23:44 - [TEST_STEP][PASSED] - closeBrowser(): Browser is closed

2023-07-25 14:23:45 - [MESSAGE][PASSED] - Browser is closed]]></system-out>
         <system-err><![CDATA[]]></system-err>
      </testcase>
      <system-out><![CDATA[2023-07-25 14:23:28 - [TEST_SUITE][PASSED] - CAS Oustsystem: Test Cases/UserManagement]]></system-out>
      <system-err><![CDATA[]]></system-err>
   </testsuite>
</testsuites>
